<?xml version="1.0" encoding="UTF-8"?>
<!-- Generated by org.testng.reporters.JUnitReportReporter -->
<testsuite hostname="Dellsys66-PC" failures="0" tests="3" name="testCases.TC006_Amendment" time="20.110" errors="0" timestamp="2024-11-14T18:03:35 IST" skipped="0">
  <testcase classname="testCases.TC006_Amendment" name="verify_Amendment" time="6.638"/>
  <testcase classname="testCases.TC006_Amendment" name="verify_Amendment" time="6.671"/>
  <testcase classname="testCases.TC006_Amendment" name="verify_Amendment" time="6.801"/>
</testsuite> <!-- testCases.TC006_Amendment -->
