<?xml version="1.0" encoding="UTF-8"?>
<!-- Generated by org.testng.reporters.JUnitReportReporter -->
<testsuite hostname="Dellsys66-PC" failures="0" tests="1" name="testCases.TC011_Loginwith_ROCAUser" time="1.472" errors="0" timestamp="2024-11-06T11:27:46 IST" skipped="0">
  <testcase classname="testCases.TC011_Loginwith_ROCAUser" name="Verify_Login_ROCAUser" time="1.472"/>
</testsuite> <!-- testCases.TC011_Loginwith_ROCAUser -->
