<?xml version="1.0" encoding="UTF-8"?>
<!-- Generated by org.testng.reporters.JUnitReportReporter -->
<testsuite hostname="Dellsys66-PC" failures="0" tests="1" name="testCases.TC022_CourtOrderTermination" time="0.254" errors="0" timestamp="2024-11-25T17:50:22 IST" skipped="0">
  <testcase classname="testCases.TC022_CourtOrderTermination" name="verifyCourtOrderTermination" time="0.254"/>
</testsuite> <!-- testCases.TC022_CourtOrderTermination -->
