<?xml version="1.0" encoding="UTF-8"?>
<!-- Generated by org.testng.reporters.JUnitReportReporter -->
<testsuite hostname="Dellsys66-PC" failures="0" tests="3" name="testCases.TC001_LoginPageTest" time="8.218" errors="0" timestamp="2024-11-01T17:51:39 IST" skipped="0">
  <testcase classname="testCases.TC001_LoginPageTest" name="verify_loginpage" time="2.812"/>
  <testcase classname="testCases.TC001_LoginPageTest" name="verify_loginpage" time="3.181"/>
  <testcase classname="testCases.TC001_LoginPageTest" name="verify_loginpage" time="2.225"/>
</testsuite> <!-- testCases.TC001_LoginPageTest -->
