<?xml version="1.0" encoding="UTF-8"?>
<!-- Generated by org.testng.reporters.JUnitReportReporter -->
<testsuite hostname="Dellsys66-PC" failures="0" tests="1" name="testCases.TC013_CreateRAUser" time="3.273" errors="0" timestamp="2024-11-06T11:27:47 IST" skipped="0">
  <testcase classname="testCases.TC013_CreateRAUser" name="verify_CreateRAUser" time="3.273"/>
</testsuite> <!-- testCases.TC013_CreateRAUser -->
