<?xml version="1.0" encoding="UTF-8"?>
<!-- Generated by org.testng.reporters.JUnitReportReporter -->
<testsuite hostname="Dellsys66-PC" failures="0" tests="1" name="testCases.TC002_RegisterMBC" time="6.108" errors="0" timestamp="2024-11-21T13:08:51 IST" skipped="0">
  <testcase classname="testCases.TC002_RegisterMBC" name="Verify_RegisterMBC" time="6.108"/>
</testsuite> <!-- testCases.TC002_RegisterMBC -->
