<?xml version="1.0" encoding="UTF-8"?>
<!-- Generated by org.testng.reporters.JUnitReportReporter -->
<testsuite hostname="Dellsys66-PC" failures="0" tests="3" name="testCases.TC002_RegisterMBC" time="25.268" errors="0" timestamp="2024-10-28T16:04:51 IST" skipped="0">
  <testcase classname="testCases.TC002_RegisterMBC" name="Verify_RegisterMBC" time="6.978"/>
  <testcase classname="testCases.TC002_RegisterMBC" name="Verify_RegisterMBC" time="6.200"/>
  <testcase classname="testCases.TC002_RegisterMBC" name="Verify_RegisterMBC" time="12.090"/>
</testsuite> <!-- testCases.TC002_RegisterMBC -->
