<?xml version="1.0" encoding="UTF-8"?>
<!-- Generated by org.testng.reporters.JUnitReportReporter -->
<testsuite hostname="Dellsys66-PC" failures="0" tests="3" name="testCases.TC005_AnnualReturn" time="10.419" errors="0" timestamp="2024-11-14T18:03:35 IST" skipped="0">
  <testcase classname="testCases.TC005_AnnualReturn" name="verify_AnnualReturn" time="3.349"/>
  <testcase classname="testCases.TC005_AnnualReturn" name="verify_AnnualReturn" time="3.495"/>
  <testcase classname="testCases.TC005_AnnualReturn" name="verify_AnnualReturn" time="3.575"/>
</testsuite> <!-- testCases.TC005_AnnualReturn -->
