<?xml version="1.0" encoding="UTF-8"?>
<!-- Generated by org.testng.reporters.JUnitReportReporter -->
<testsuite hostname="Dellsys66-PC" failures="0" tests="3" name="testCases.TC009_ProtfolioTransactionSummary" time="40.461" errors="0" timestamp="2024-11-14T18:03:35 IST" skipped="0">
  <testcase classname="testCases.TC009_ProtfolioTransactionSummary" name="verifyProfolioTransactionSummary" time="9.251"/>
  <testcase classname="testCases.TC009_ProtfolioTransactionSummary" name="verifyProfolioTransactionSummary" time="21.986"/>
  <testcase classname="testCases.TC009_ProtfolioTransactionSummary" name="verifyProfolioTransactionSummary" time="9.224"/>
</testsuite> <!-- testCases.TC009_ProtfolioTransactionSummary -->
