<?xml version="1.0" encoding="UTF-8"?>
<!-- Generated by org.testng.reporters.JUnitReportReporter -->
<testsuite hostname="Dellsys66-PC" failures="0" tests="3" name="testCases.TC011_Loginwith_ROCAUser" time="4.226" errors="0" timestamp="2024-11-01T17:51:39 IST" skipped="0">
  <testcase classname="testCases.TC011_Loginwith_ROCAUser" name="Verify_Login_ROCAUser" time="2.194"/>
  <testcase classname="testCases.TC011_Loginwith_ROCAUser" name="Verify_Login_ROCAUser" time="1.054"/>
  <testcase classname="testCases.TC011_Loginwith_ROCAUser" name="Verify_Login_ROCAUser" time="0.978"/>
</testsuite> <!-- testCases.TC011_Loginwith_ROCAUser -->
