<?xml version="1.0" encoding="UTF-8"?>
<!-- Generated by org.testng.reporters.JUnitReportReporter -->
<testsuite hostname="Dellsys66-PC" failures="0" tests="1" name="testCases.TC003_CreateRegAgent" time="5.586" errors="0" timestamp="2024-11-06T11:27:46 IST" skipped="0">
  <testcase classname="testCases.TC003_CreateRegAgent" name="Verfiy_CreateRegAgent" time="5.586"/>
</testsuite> <!-- testCases.TC003_CreateRegAgent -->
