<?xml version="1.0" encoding="UTF-8"?>
<!-- Generated by org.testng.reporters.JUnitReportReporter -->
<testsuite hostname="Dellsys66-PC" failures="0" tests="1" name="testCases.TC27_RRAdminDashBoradRejectedTransations" time="13.462" errors="0" timestamp="2024-12-16T11:10:42 IST" skipped="0">
  <testcase classname="testCases.TC27_RRAdminDashBoradRejectedTransations" name="VerifyRejectedTransations" time="13.462"/>
</testsuite> <!-- testCases.TC27_RRAdminDashBoradRejectedTransations -->
