<?xml version="1.0" encoding="UTF-8"?>
<!-- Generated by org.testng.reporters.JUnitReportReporter -->
<testsuite hostname="Dellsys66-PC" failures="0" tests="3" name="testCases.TC007_TransferShares" time="49.343" errors="0" timestamp="2024-11-01T17:51:39 IST" skipped="0">
  <testcase classname="testCases.TC007_TransferShares" name="verify_TransferShares" time="10.592"/>
  <testcase classname="testCases.TC007_TransferShares" name="verify_TransferShares" time="12.388"/>
  <testcase classname="testCases.TC007_TransferShares" name="verify_TransferShares" time="26.363"/>
</testsuite> <!-- testCases.TC007_TransferShares -->
