<?xml version="1.0" encoding="UTF-8"?>
<!-- Generated by org.testng.reporters.JUnitReportReporter -->
<testsuite hostname="Dellsys66-PC" failures="0" tests="1" name="testCases.TC023_VolutaryLiquidator" time="6.404" errors="0" timestamp="2024-11-29T18:42:04 IST" skipped="0">
  <testcase classname="testCases.TC023_VolutaryLiquidator" name="verifyVolutaryLiquidator" time="6.404"/>
</testsuite> <!-- testCases.TC023_VolutaryLiquidator -->
