<?xml version="1.0" encoding="UTF-8"?>
<!-- Generated by org.testng.reporters.JUnitReportReporter -->
<testsuite hostname="Dellsys66-PC" failures="0" tests="1" name="testCases.TC30_RegisteredAgent" time="2.778" errors="0" timestamp="2024-12-20T12:07:35 IST" skipped="0">
  <testcase classname="testCases.TC30_RegisteredAgent" name="verifyRegisterdAgent" time="2.778"/>
</testsuite> <!-- testCases.TC30_RegisteredAgent -->
