<?xml version="1.0" encoding="UTF-8"?>
<!-- Generated by org.testng.reporters.JUnitReportReporter -->
<testsuite hostname="Dellsys66-PC" failures="0" tests="1" name="testCases.TC019_BVISFC" time="10.670" errors="0" timestamp="2024-11-21T14:34:48 IST" skipped="0">
  <testcase classname="testCases.TC019_BVISFC" name="verifyBVISFC" time="10.670"/>
</testsuite> <!-- testCases.TC019_BVISFC -->
