<?xml version="1.0" encoding="UTF-8"?>
<!-- Generated by org.testng.reporters.JUnitReportReporter -->
<testsuite hostname="Dellsys66-PC" failures="0" tests="1" name="testCases.TC013_CreateRAUser" time="4.344" errors="0" timestamp="2024-11-27T12:48:24 IST" skipped="0">
  <testcase classname="testCases.TC013_CreateRAUser" name="verify_CreateRAUser" time="4.344"/>
</testsuite> <!-- testCases.TC013_CreateRAUser -->
