<?xml version="1.0" encoding="UTF-8"?>
<!-- Generated by org.testng.reporters.JUnitReportReporter -->
<testsuite hostname="Dellsys66-PC" failures="0" tests="1" name="testCases.TC011_Loginwith_ROCAUser" time="0.578" errors="0" timestamp="2024-11-08T11:08:10 IST" skipped="0">
  <testcase classname="testCases.TC011_Loginwith_ROCAUser" name="Verify_Login_ROCAUser" time="0.578"/>
</testsuite> <!-- testCases.TC011_Loginwith_ROCAUser -->
