<?xml version="1.0" encoding="UTF-8"?>
<!-- Generated by org.testng.reporters.JUnitReportReporter -->
<testsuite hostname="Dellsys66-PC" failures="0" tests="3" name="testCases.TC004_ExtensionofTime" time="29.203" errors="0" timestamp="2024-11-14T18:03:35 IST" skipped="0">
  <testcase classname="testCases.TC004_ExtensionofTime" name="Verify_ExtensionofTime" time="10.087"/>
  <testcase classname="testCases.TC004_ExtensionofTime" name="Verify_ExtensionofTime" time="9.703"/>
  <testcase classname="testCases.TC004_ExtensionofTime" name="Verify_ExtensionofTime" time="9.413"/>
</testsuite> <!-- testCases.TC004_ExtensionofTime -->
