<?xml version="1.0" encoding="UTF-8"?>
<!-- Generated by org.testng.reporters.JUnitReportReporter -->
<testsuite hostname="Dellsys66-PC" failures="0" tests="1" name="testCases.TC016_AddNewRole" time="2.346" errors="0" timestamp="2024-11-27T12:48:24 IST" skipped="0">
  <testcase classname="testCases.TC016_AddNewRole" name="VerifyAddNewRole" time="2.346"/>
</testsuite> <!-- testCases.TC016_AddNewRole -->
