<?xml version="1.0" encoding="UTF-8"?>
<!-- Generated by org.testng.reporters.JUnitReportReporter -->
<testsuite hostname="Dellsys66-PC" failures="0" tests="1" name="testCases.TC020_FAQs" time="8.290" errors="0" timestamp="2024-11-22T14:19:25 IST" skipped="0">
  <testcase classname="testCases.TC020_FAQs" name="verifyFAQs" time="8.290"/>
</testsuite> <!-- testCases.TC020_FAQs -->
