<?xml version="1.0" encoding="UTF-8"?>
<!-- Generated by org.testng.reporters.JUnitReportReporter -->
<testsuite hostname="Dellsys66-PC" failures="0" tests="1" name="testCases.TC015_ModifyROCAUser" time="7.347" errors="0" timestamp="2024-11-06T18:45:37 IST" skipped="0">
  <testcase classname="testCases.TC015_ModifyROCAUser" name="VerifyModifyROCAUser" time="7.347"/>
</testsuite> <!-- testCases.TC015_ModifyROCAUser -->
