<?xml version="1.0" encoding="UTF-8"?>
<!-- Generated by org.testng.reporters.JUnitReportReporter -->
<testsuite hostname="Dellsys66-PC" failures="0" tests="1" name="testCases.TC009_ProtfolioTransactionSummary" time="7.877" errors="0" timestamp="2024-11-06T11:27:47 IST" skipped="0">
  <testcase classname="testCases.TC009_ProtfolioTransactionSummary" name="verifyProfolioTransactionSummary" time="7.877"/>
</testsuite> <!-- testCases.TC009_ProtfolioTransactionSummary -->
