<?xml version="1.0" encoding="UTF-8"?>
<!-- Generated by org.testng.reporters.JUnitReportReporter -->
<testsuite hostname="Dellsys66-PC" failures="0" tests="1" name="testCases.TC26_RAAdminDashBoradPendingTransactions" time="4.678" errors="0" timestamp="2024-12-05T19:03:31 IST" skipped="0">
  <testcase classname="testCases.TC26_RAAdminDashBoradPendingTransactions" name="VerifyPendingTransactions" time="4.678"/>
</testsuite> <!-- testCases.TC26_RAAdminDashBoradPendingTransactions -->
