<?xml version="1.0" encoding="UTF-8"?>
<!-- Generated by org.testng.reporters.JUnitReportReporter -->
<testsuite hostname="Dellsys66-PC" failures="0" tests="1" name="testCases.TC010_Strike_OffMBC" time="6.806" errors="0" timestamp="2024-10-24T17:29:52 IST" skipped="0">
  <testcase classname="testCases.TC010_Strike_OffMBC" name="verify_StrikOffMBC" time="6.806"/>
</testsuite> <!-- testCases.TC010_Strike_OffMBC -->
