<?xml version="1.0" encoding="UTF-8"?>
<!-- Generated by org.testng.reporters.JUnitReportReporter -->
<testsuite hostname="Dellsys66-PC" failures="0" tests="3" name="testCases.TC001_LoginPageTest" time="8.009" errors="0" timestamp="2024-10-28T16:04:51 IST" skipped="0">
  <testcase classname="testCases.TC001_LoginPageTest" name="verify_loginpage" time="6.071"/>
  <testcase classname="testCases.TC001_LoginPageTest" name="verify_loginpage" time="1.076"/>
  <testcase classname="testCases.TC001_LoginPageTest" name="verify_loginpage" time="0.862"/>
</testsuite> <!-- testCases.TC001_LoginPageTest -->
