<?xml version="1.0" encoding="UTF-8"?>
<!-- Generated by org.testng.reporters.JUnitReportReporter -->
<testsuite hostname="Dellsys66-PC" failures="0" tests="1" name="testCases.TC025_RAAdminDashBorad" time="1.105" errors="0" timestamp="2024-12-03T17:47:22 IST" skipped="0">
  <testcase classname="testCases.TC025_RAAdminDashBorad" name="verifyRaAdmin" time="1.105"/>
</testsuite> <!-- testCases.TC025_RAAdminDashBorad -->
