<?xml version="1.0" encoding="UTF-8"?>
<!-- Generated by org.testng.reporters.JUnitReportReporter -->
<testsuite hostname="Dellsys66-PC" failures="0" tests="1" name="testCases.TC024_DashBorad" time="16.462" errors="0" timestamp="2024-12-03T16:10:56 IST" skipped="0">
  <testcase classname="testCases.TC024_DashBorad" name="VerifyDashBorad" time="16.462"/>
</testsuite> <!-- testCases.TC024_DashBorad -->
