<?xml version="1.0" encoding="UTF-8"?>
<!-- Generated by org.testng.reporters.JUnitReportReporter -->
<testsuite hostname="Dellsys66-PC" failures="0" tests="1" name="testCases.TC008_SearchMicroBusinessCompany" time="10.252" errors="0" timestamp="2024-11-06T11:27:47 IST" skipped="0">
  <testcase classname="testCases.TC008_SearchMicroBusinessCompany" name="verify_SearchMicroBusinessCompany" time="10.252"/>
</testsuite> <!-- testCases.TC008_SearchMicroBusinessCompany -->
