<?xml version="1.0" encoding="UTF-8"?>
<!-- Generated by org.testng.reporters.JUnitReportReporter -->
<testsuite hostname="Dellsys66-PC" failures="0" tests="3" name="testCases.TC006_Amendment" time="22.513" errors="0" timestamp="2024-11-01T17:51:39 IST" skipped="0">
  <testcase classname="testCases.TC006_Amendment" name="verify_Amendment" time="8.438"/>
  <testcase classname="testCases.TC006_Amendment" name="verify_Amendment" time="6.911"/>
  <testcase classname="testCases.TC006_Amendment" name="verify_Amendment" time="7.164"/>
</testsuite> <!-- testCases.TC006_Amendment -->
