<?xml version="1.0" encoding="UTF-8"?>
<!-- Generated by org.testng.reporters.JUnitReportReporter -->
<testsuite hostname="Dellsys66-PC" failures="0" tests="1" name="testCases.TC006_Amendment" time="7.249" errors="0" timestamp="2024-10-24T15:16:33 IST" skipped="0">
  <testcase classname="testCases.TC006_Amendment" name="verify_Amendment" time="7.249"/>
</testsuite> <!-- testCases.TC006_Amendment -->
