<?xml version="1.0" encoding="UTF-8"?>
<!-- Generated by org.testng.reporters.JUnitReportReporter -->
<testsuite hostname="Dellsys66-PC" failures="0" tests="1" name="testCases.TC006_Amendment" time="7.447" errors="0" timestamp="2024-11-27T12:48:23 IST" skipped="0">
  <testcase classname="testCases.TC006_Amendment" name="verify_Amendment" time="7.447"/>
</testsuite> <!-- testCases.TC006_Amendment -->
