<?xml version="1.0" encoding="UTF-8"?>
<!-- Generated by org.testng.reporters.JUnitReportReporter -->
<testsuite hostname="Dellsys66-PC" failures="0" tests="1" name="testCases.TC001_LoginPageTest" time="1.527" errors="0" timestamp="2024-11-08T11:24:33 IST" skipped="0">
  <testcase classname="testCases.TC001_LoginPageTest" name="verify_loginpage" time="1.527"/>
</testsuite> <!-- testCases.TC001_LoginPageTest -->
