<?xml version="1.0" encoding="UTF-8"?>
<!-- Generated by org.testng.reporters.JUnitReportReporter -->
<testsuite hostname="Dellsys66-PC" failures="0" tests="1" name="testCases.TC008_SearchMicroBusinessCompany" time="11.855" errors="0" timestamp="2024-10-24T15:16:33 IST" skipped="0">
  <testcase classname="testCases.TC008_SearchMicroBusinessCompany" name="verify_SearchMicroBusinessCompany" time="11.855"/>
</testsuite> <!-- testCases.TC008_SearchMicroBusinessCompany -->
