<?xml version="1.0" encoding="UTF-8"?>
<!-- Generated by org.testng.reporters.JUnitReportReporter -->
<testsuite hostname="Dellsys66-PC" failures="0" tests="1" name="testCases.TC010_Strike_OffMBC" time="3.602" errors="0" timestamp="2024-11-08T11:08:10 IST" skipped="0">
  <testcase classname="testCases.TC010_Strike_OffMBC" name="verify_StrikOffMBC" time="3.602"/>
</testsuite> <!-- testCases.TC010_Strike_OffMBC -->
