<?xml version="1.0" encoding="UTF-8"?>
<!-- Generated by org.testng.reporters.JUnitReportReporter -->
<testsuite hostname="Dellsys66-PC" failures="0" tests="3" name="testCases.TC010_Strike_OffMBC" time="15.757" errors="0" timestamp="2024-11-01T17:51:39 IST" skipped="0">
  <testcase classname="testCases.TC010_Strike_OffMBC" name="verify_StrikOffMBC" time="4.945"/>
  <testcase classname="testCases.TC010_Strike_OffMBC" name="verify_StrikOffMBC" time="5.214"/>
  <testcase classname="testCases.TC010_Strike_OffMBC" name="verify_StrikOffMBC" time="5.598"/>
</testsuite> <!-- testCases.TC010_Strike_OffMBC -->
