<?xml version="1.0" encoding="UTF-8"?>
<!-- Generated by org.testng.reporters.JUnitReportReporter -->
<testsuite hostname="Dellsys66-PC" failures="0" tests="1" name="testCases.TC023_VolutaryLiquidator" time="7.172" errors="0" timestamp="2024-12-03T11:12:08 IST" skipped="0">
  <testcase classname="testCases.TC023_VolutaryLiquidator" name="verifyVolutaryLiquidator" time="7.172"/>
</testsuite> <!-- testCases.TC023_VolutaryLiquidator -->
