<?xml version="1.0" encoding="UTF-8"?>
<!-- Generated by org.testng.reporters.JUnitReportReporter -->
<testsuite hostname="Dellsys66-PC" failures="0" tests="1" name="testCases.TC29_AnnualFeePayment" time="11.848" errors="0" timestamp="2024-12-18T11:12:22 IST" skipped="0">
  <testcase classname="testCases.TC29_AnnualFeePayment" name="verifyAnnualFeePayment" time="11.848"/>
</testsuite> <!-- testCases.TC29_AnnualFeePayment -->
