<?xml version="1.0" encoding="UTF-8"?>
<!-- Generated by org.testng.reporters.JUnitReportReporter -->
<testsuite hostname="Dellsys66-PC" failures="0" tests="3" name="testCases.TC001_LoginPageTest" time="6.254" errors="0" timestamp="2024-11-14T18:03:35 IST" skipped="0">
  <testcase classname="testCases.TC001_LoginPageTest" name="verify_loginpage" time="1.504"/>
  <testcase classname="testCases.TC001_LoginPageTest" name="verify_loginpage" time="1.284"/>
  <testcase classname="testCases.TC001_LoginPageTest" name="verify_loginpage" time="3.466"/>
</testsuite> <!-- testCases.TC001_LoginPageTest -->
