<?xml version="1.0" encoding="UTF-8"?>
<!-- Generated by org.testng.reporters.JUnitReportReporter -->
<testsuite hostname="Dellsys66-PC" failures="0" tests="3" name="testCases.TC004_ExtensionofTime" time="31.446" errors="0" timestamp="2024-11-01T17:51:39 IST" skipped="0">
  <testcase classname="testCases.TC004_ExtensionofTime" name="Verify_ExtensionofTime" time="11.637"/>
  <testcase classname="testCases.TC004_ExtensionofTime" name="Verify_ExtensionofTime" time="9.937"/>
  <testcase classname="testCases.TC004_ExtensionofTime" name="Verify_ExtensionofTime" time="9.872"/>
</testsuite> <!-- testCases.TC004_ExtensionofTime -->
