<?xml version="1.0" encoding="UTF-8"?>
<!-- Generated by org.testng.reporters.JUnitReportReporter -->
<testsuite hostname="Dellsys66-PC" failures="0" tests="1" name="testCases.TC012_InvestigateMBC" time="5.180" errors="0" timestamp="2024-10-28T15:48:48 IST" skipped="0">
  <testcase classname="testCases.TC012_InvestigateMBC" name="Verify_TransferShares" time="5.180"/>
</testsuite> <!-- testCases.TC012_InvestigateMBC -->
