<?xml version="1.0" encoding="UTF-8"?>
<!-- Generated by org.testng.reporters.JUnitReportReporter -->
<testsuite hostname="Dellsys66-PC" failures="0" tests="1" name="testCases.TC28_AccountDeposit" time="36.616" errors="0" timestamp="2024-12-17T11:16:59 IST" skipped="0">
  <testcase classname="testCases.TC28_AccountDeposit" name="verifyAccountDeposti" time="36.616"/>
</testsuite> <!-- testCases.TC28_AccountDeposit -->
