<?xml version="1.0" encoding="UTF-8"?>
<!-- Generated by org.testng.reporters.JUnitReportReporter -->
<testsuite hostname="Dellsys66-PC" failures="0" tests="1" name="testCases.TC009_ProtfolioTransactionSummary" time="8.214" errors="0" timestamp="2024-10-24T15:16:33 IST" skipped="0">
  <testcase classname="testCases.TC009_ProtfolioTransactionSummary" name="verifyProfolioTransactionSummary" time="8.214"/>
</testsuite> <!-- testCases.TC009_ProtfolioTransactionSummary -->
