<?xml version="1.0" encoding="UTF-8"?>
<!-- Generated by org.testng.reporters.JUnitReportReporter -->
<testsuite hostname="Dellsys66-PC" failures="0" tests="3" name="testCases.TC015_ModifyROCAUser" time="21.420" errors="0" timestamp="2024-11-14T18:03:35 IST" skipped="0">
  <testcase classname="testCases.TC015_ModifyROCAUser" name="VerifyModifyROCAUser" time="7.285"/>
  <testcase classname="testCases.TC015_ModifyROCAUser" name="VerifyModifyROCAUser" time="7.139"/>
  <testcase classname="testCases.TC015_ModifyROCAUser" name="VerifyModifyROCAUser" time="6.996"/>
</testsuite> <!-- testCases.TC015_ModifyROCAUser -->
