<?xml version="1.0" encoding="UTF-8"?>
<!-- Generated by org.testng.reporters.JUnitReportReporter -->
<testsuite hostname="Dellsys66-PC" failures="0" tests="3" name="testCases.TC013_CreateRAUser" time="13.009" errors="0" timestamp="2024-11-14T18:03:35 IST" skipped="0">
  <testcase classname="testCases.TC013_CreateRAUser" name="verify_CreateRAUser" time="5.569"/>
  <testcase classname="testCases.TC013_CreateRAUser" name="verify_CreateRAUser" time="3.399"/>
  <testcase classname="testCases.TC013_CreateRAUser" name="verify_CreateRAUser" time="4.041"/>
</testsuite> <!-- testCases.TC013_CreateRAUser -->
