<?xml version="1.0" encoding="UTF-8"?>
<!-- Generated by org.testng.reporters.JUnitReportReporter -->
<testsuite hostname="Dellsys66-PC" failures="0" tests="3" name="testCases.TC007_TransferShares" time="48.277" errors="0" timestamp="2024-11-14T18:03:35 IST" skipped="0">
  <testcase classname="testCases.TC007_TransferShares" name="verify_TransferShares" time="10.842"/>
  <testcase classname="testCases.TC007_TransferShares" name="verify_TransferShares" time="25.960"/>
  <testcase classname="testCases.TC007_TransferShares" name="verify_TransferShares" time="11.475"/>
</testsuite> <!-- testCases.TC007_TransferShares -->
