<?xml version="1.0" encoding="UTF-8"?>
<!-- Generated by org.testng.reporters.JUnitReportReporter -->
<testsuite hostname="Dellsys66-PC" failures="0" tests="1" name="testCases.TC28_AccountDeposit" time="28.955" errors="0" timestamp="2024-12-16T15:44:12 IST" skipped="0">
  <testcase classname="testCases.TC28_AccountDeposit" name="verifyAccountDeposti" time="28.955"/>
</testsuite> <!-- testCases.TC28_AccountDeposit -->
