<?xml version="1.0" encoding="UTF-8"?>
<!-- Generated by org.testng.reporters.JUnitReportReporter -->
<testsuite hostname="Dellsys66-PC" failures="0" tests="3" name="testCases.TC002_RegisterMBC" time="21.058" errors="0" timestamp="2024-11-01T17:51:39 IST" skipped="0">
  <testcase classname="testCases.TC002_RegisterMBC" name="Verify_RegisterMBC" time="6.612"/>
  <testcase classname="testCases.TC002_RegisterMBC" name="Verify_RegisterMBC" time="7.206"/>
  <testcase classname="testCases.TC002_RegisterMBC" name="Verify_RegisterMBC" time="7.240"/>
</testsuite> <!-- testCases.TC002_RegisterMBC -->
