<?xml version="1.0" encoding="UTF-8"?>
<!-- Generated by org.testng.reporters.JUnitReportReporter -->
<testsuite hostname="Dellsys66-PC" failures="0" tests="1" name="testCases.TC007_TransferShares" time="9.055" errors="0" timestamp="2024-11-06T11:27:47 IST" skipped="0">
  <testcase classname="testCases.TC007_TransferShares" name="verify_TransferShares" time="9.055"/>
</testsuite> <!-- testCases.TC007_TransferShares -->
