<?xml version="1.0" encoding="UTF-8"?>
<!-- Generated by org.testng.reporters.JUnitReportReporter -->
<testsuite hostname="Dellsys66-PC" failures="0" tests="1" name="testCases.TC007_TransferShares" time="11.106" errors="0" timestamp="2024-11-08T11:08:10 IST" skipped="0">
  <testcase classname="testCases.TC007_TransferShares" name="verify_TransferShares" time="11.106"/>
</testsuite> <!-- testCases.TC007_TransferShares -->
