<?xml version="1.0" encoding="UTF-8"?>
<!-- Generated by org.testng.reporters.JUnitReportReporter -->
<testsuite hostname="Dellsys66-PC" failures="0" tests="1" name="testCases.TC001_LoginPageTest" time="1.152" errors="0" timestamp="2024-11-27T18:06:53 IST" skipped="0">
  <testcase classname="testCases.TC001_LoginPageTest" name="verify_loginpage" time="1.152"/>
</testsuite> <!-- testCases.TC001_LoginPageTest -->
