<?xml version="1.0" encoding="UTF-8"?>
<!-- Generated by org.testng.reporters.JUnitReportReporter -->
<testsuite hostname="Dellsys66-PC" failures="0" tests="1" name="testCases.TC001_LoginPageTest" time="0.940" errors="0" timestamp="2024-11-21T13:08:51 IST" skipped="0">
  <testcase classname="testCases.TC001_LoginPageTest" name="verify_loginpage" time="0.940"/>
</testsuite> <!-- testCases.TC001_LoginPageTest -->
